Arguments: 
  /Users/miyazakishinnosuke/.nodebrew/node/v12.16.1/bin/node /usr/local/Cellar/yarn/1.22.4/libexec/bin/yarn.js init

PATH: 
  /Users/miyazakishinnosuke/.nodebrew/current/bin:/Users/miyazakishinnosuke/.composer/vendor/bin:/usr/local/bin:/usr/bin:/bin:/usr/sbin:/sbin:/Users/miyazakishinnosuke/.nodebrew/current/bin:/Users/miyazakishinnosuke/.composer/vendor/bin:/Users/miyazakishinnosuke/local/Cellar/go/bin:/Applications/MAMP/Library/bin:/Users/miyazakishinnosuke/local/Cellar/go/bin:/Applications/MAMP/Library/bin

Yarn version: 
  1.22.4

Node version: 
  12.16.1

Platform: 
  darwin x64

Trace: 
  Error: canceled
      at Interface.<anonymous> (/usr/local/Cellar/yarn/1.22.4/libexec/lib/cli.js:137008:13)
      at Interface.emit (events.js:311:20)
      at Interface._ttyWrite (readline.js:893:16)
      at ReadStream.onkeypress (readline.js:198:10)
      at ReadStream.emit (events.js:311:20)
      at emitKeys (internal/readline/utils.js:438:14)
      at emitKeys.next (<anonymous>)
      at ReadStream.onData (readline.js:1160:36)
      at ReadStream.emit (events.js:311:20)
      at addChunk (_stream_readable.js:294:12)

npm manifest: 
  {
    "name": "wugqy",
    "version": "1.0.0",
    "description": "",
    "main": "index.jsx",
    "scripts": {
      "test": "echo \"Error: no test specified\" && exit 1",
      "build": "webpack --config webpack.config.js --mode development",
      "product-build": "webpack --config webpack.config.js --mode production",
      "start": "webpack-dev-server --config webpack.config.js --mode development --open",
      "watch": "webpack --watch"
    },
    "keywords": [],
    "author": "",
    "license": "ISC",
    "dependencies": {
      "@babel/core": "^7.9.0",
      "@babel/preset-env": "^7.9.5",
      "@babel/preset-react": "^7.9.4",
      "@types/react": "^16.9.34",
      "@types/react-dom": "^16.9.6",
      "babel": "^6.23.0",
      "babel-loader": "^8.1.0",
      "css-loader": "^3.5.2",
      "file-loader": "^6.1.0",
      "html-webpack-plugin": "^4.3.0",
      "react": "^16.13.1",
      "react-dom": "^16.13.1",
      "react-router": "^5.2.0",
      "react-router-dom": "^5.2.0",
      "react-three-fiber": "^4.2.17",
      "style-loader": "^1.1.4",
      "styled-components": "^5.1.0",
      "three": "^0.118.3",
      "ts-loader": "^7.0.1",
      "typescript": "^3.8.3",
      "webpack": "^4.42.1",
      "webpack-cli": "^3.3.11",
      "webpack-dev-server": "^3.10.3"
    }
  }

yarn manifest: 
  No manifest

Lockfile: 
  No lockfile
